<?xml version="1.0" encoding="UTF-8"?>
<!-- Generated by org.testng.reporters.JUnitXMLReporter -->
<testsuite ignored="0" hostname="LAPTOP-JBSGNEI9" failures="0" tests="7" name="Default test" time="4.471" errors="0" timestamp="2026-01-02T18:03:04 IST">
  <testcase classname="Jan_2025_code.Add_and_deletebook_parameterization02" name="addbook" time="2.396"/>
  <testcase classname="Jan_2025_code.Add_and_deletebook_parameterization02" name="addbook" time="0.129"/>
  <testcase classname="Jan_2025_code.Add_and_deletebook_parameterization02" name="addbook" time="0.148"/>
  <testcase classname="Jan_2025_code.Add_and_deletebook_parameterization02" name="addbook" time="0.115"/>
  <testcase classname="Jan_2025_code.Add_and_deletebook_parameterization02" name="addbook" time="0.114"/>
  <testcase classname="Jan_2025_code.Add_and_deletebook_parameterization02" name="addbook" time="0.114"/>
  <testcase classname="Jan_2025_code.Add_and_deletebook_parameterization02" name="addbook" time="0.113"/>
</testsuite> <!-- Default test -->
