<?xml version="1.0" encoding="UTF-8"?>
<testng-results ignored="0" total="7" passed="7" failed="0" skipped="0">
  <reporter-output>
  </reporter-output>
  <suite started-at="2026-01-02T18:02:59 IST" name="Default suite" finished-at="2026-01-02T18:03:04 IST" duration-ms="4471">
    <groups>
    </groups>
    <test started-at="2026-01-02T18:02:59 IST" name="Default test" finished-at="2026-01-02T18:03:04 IST" duration-ms="4471">
      <class name="Jan_2025_code.Add_and_deletebook_parameterization02">
        <test-method signature="addbook(java.lang.String,java.lang.String)[pri:0, instance:Jan_2025_code.Add_and_deletebook_parameterization02@7a8c8dcf]" started-at="2026-01-02T18:02:59 IST" name="addbook" data-provider="Books_dynamic_data" finished-at="2026-01-02T18:03:02 IST" duration-ms="2396" status="PASS">
          <params>
            <param index="0">
              <value>
                <![CDATA[abcd]]>
              </value>
            </param>
            <param index="1">
              <value>
                <![CDATA[1233]]>
              </value>
            </param>
          </params>
          <reporter-output>
          </reporter-output>
        </test-method> <!-- addbook -->
        <test-method signature="addbook(java.lang.String,java.lang.String)[pri:0, instance:Jan_2025_code.Add_and_deletebook_parameterization02@7a8c8dcf]" started-at="2026-01-02T18:03:02 IST" name="addbook" data-provider="Books_dynamic_data" finished-at="2026-01-02T18:03:02 IST" duration-ms="129" status="PASS">
          <params>
            <param index="0">
              <value>
                <![CDATA[abcde]]>
              </value>
            </param>
            <param index="1">
              <value>
                <![CDATA[12334]]>
              </value>
            </param>
          </params>
          <reporter-output>
          </reporter-output>
        </test-method> <!-- addbook -->
        <test-method signature="addbook(java.lang.String,java.lang.String)[pri:0, instance:Jan_2025_code.Add_and_deletebook_parameterization02@7a8c8dcf]" started-at="2026-01-02T18:03:02 IST" name="addbook" data-provider="Books_dynamic_data" finished-at="2026-01-02T18:03:02 IST" duration-ms="148" status="PASS">
          <params>
            <param index="0">
              <value>
                <![CDATA[qwer]]>
              </value>
            </param>
            <param index="1">
              <value>
                <![CDATA[2435]]>
              </value>
            </param>
          </params>
          <reporter-output>
          </reporter-output>
        </test-method> <!-- addbook -->
        <test-method signature="addbook(java.lang.String,java.lang.String)[pri:0, instance:Jan_2025_code.Add_and_deletebook_parameterization02@7a8c8dcf]" started-at="2026-01-02T18:03:02 IST" name="addbook" data-provider="Books_dynamic_data" finished-at="2026-01-02T18:03:02 IST" duration-ms="115" status="PASS">
          <params>
            <param index="0">
              <value>
                <![CDATA[ertr]]>
              </value>
            </param>
            <param index="1">
              <value>
                <![CDATA[4566]]>
              </value>
            </param>
          </params>
          <reporter-output>
          </reporter-output>
        </test-method> <!-- addbook -->
        <test-method signature="addbook(java.lang.String,java.lang.String)[pri:0, instance:Jan_2025_code.Add_and_deletebook_parameterization02@7a8c8dcf]" started-at="2026-01-02T18:03:02 IST" name="addbook" data-provider="Books_dynamic_data" finished-at="2026-01-02T18:03:02 IST" duration-ms="114" status="PASS">
          <params>
            <param index="0">
              <value>
                <![CDATA[yuyu]]>
              </value>
            </param>
            <param index="1">
              <value>
                <![CDATA[1233]]>
              </value>
            </param>
          </params>
          <reporter-output>
          </reporter-output>
        </test-method> <!-- addbook -->
        <test-method signature="addbook(java.lang.String,java.lang.String)[pri:0, instance:Jan_2025_code.Add_and_deletebook_parameterization02@7a8c8dcf]" started-at="2026-01-02T18:03:02 IST" name="addbook" data-provider="Books_dynamic_data" finished-at="2026-01-02T18:03:02 IST" duration-ms="114" status="PASS">
          <params>
            <param index="0">
              <value>
                <![CDATA[uiio]]>
              </value>
            </param>
            <param index="1">
              <value>
                <![CDATA[9878]]>
              </value>
            </param>
          </params>
          <reporter-output>
          </reporter-output>
        </test-method> <!-- addbook -->
        <test-method signature="addbook(java.lang.String,java.lang.String)[pri:0, instance:Jan_2025_code.Add_and_deletebook_parameterization02@7a8c8dcf]" started-at="2026-01-02T18:03:02 IST" name="addbook" data-provider="Books_dynamic_data" finished-at="2026-01-02T18:03:02 IST" duration-ms="113" status="PASS">
          <params>
            <param index="0">
              <value>
                <![CDATA[pooik]]>
              </value>
            </param>
            <param index="1">
              <value>
                <![CDATA[9786]]>
              </value>
            </param>
          </params>
          <reporter-output>
          </reporter-output>
        </test-method> <!-- addbook -->
        <test-method is-config="true" signature="deleteAllBooks()[pri:0, instance:Jan_2025_code.Add_and_deletebook_parameterization02@7a8c8dcf]" started-at="2026-01-02T18:03:02 IST" name="deleteAllBooks" finished-at="2026-01-02T18:03:04 IST" duration-ms="1291" status="PASS">
          <reporter-output>
          </reporter-output>
        </test-method> <!-- deleteAllBooks -->
      </class> <!-- Jan_2025_code.Add_and_deletebook_parameterization02 -->
    </test> <!-- Default test -->
  </suite> <!-- Default suite -->
</testng-results>
