<?xml version="1.0" encoding="UTF-8"?>
<testng-results ignored="0" total="1" passed="1" failed="0" skipped="0">
  <reporter-output>
  </reporter-output>
  <suite started-at="2026-01-02T16:13:08 IST" name="Default suite" finished-at="2026-01-02T16:13:11 IST" duration-ms="2860">
    <groups>
    </groups>
    <test started-at="2026-01-02T16:13:08 IST" name="Default test" finished-at="2026-01-02T16:13:11 IST" duration-ms="2860">
      <class name="Jan_2025.Addbook">
        <test-method signature="addbook()[pri:0, instance:Jan_2025.Addbook@75d4a5c2]" started-at="2026-01-02T16:13:08 IST" name="addbook" finished-at="2026-01-02T16:13:11 IST" duration-ms="2804" status="PASS">
          <reporter-output>
          </reporter-output>
        </test-method> <!-- addbook -->
      </class> <!-- Jan_2025.Addbook -->
    </test> <!-- Default test -->
  </suite> <!-- Default suite -->
</testng-results>
