<?xml version="1.0" encoding="UTF-8"?>
<!-- Generated by org.testng.reporters.JUnitReportReporter -->
<testsuite hostname="LAPTOP-JBSGNEI9" failures="0" tests="7" name="Jan_2025_code.Addbook" time="3.348" errors="0" timestamp="2026-01-02T17:33:42 IST" skipped="0">
  <testcase classname="Jan_2025_code.Addbook" name="addbook" time="0.127"/>
  <testcase classname="Jan_2025_code.Addbook" name="addbook" time="0.147"/>
  <testcase classname="Jan_2025_code.Addbook" name="addbook" time="2.549"/>
  <testcase classname="Jan_2025_code.Addbook" name="addbook" time="0.112"/>
  <testcase classname="Jan_2025_code.Addbook" name="addbook" time="0.135"/>
  <testcase classname="Jan_2025_code.Addbook" name="addbook" time="0.163"/>
  <testcase classname="Jan_2025_code.Addbook" name="addbook" time="0.115"/>
</testsuite> <!-- Jan_2025_code.Addbook -->
